<?xml version="1.0" encoding="UTF-8"?>
<!-- Generated by org.testng.reporters.JUnitReportReporter -->
<testsuite skipped="0" hostname="LAPTOP-DPCRCMHE" name="Academy.HomePage" tests="2" failures="0" timestamp="08 Aug 2020 05:26:47 GMT" time="85.645" errors="0">
  <testcase name="basePageNavigation" time="62.289" classname="Academy.HomePage"/>
  <testcase name="basePageNavigation" time="23.356" classname="Academy.HomePage"/>
</testsuite> <!-- Academy.HomePage -->
