<?xml version="1.0" encoding="UTF-8"?>
<!-- Generated by org.testng.reporters.JUnitReportReporter -->
<testsuite skipped="0" hostname="LAPTOP-DPCRCMHE" name="Academy.validateNavigationBar" tests="1" failures="0" timestamp="09 Aug 2020 13:59:54 GMT" time="0.154" errors="0">
  <testcase name="validateAppNavBar" time="0.154" classname="Academy.validateNavigationBar"/>
</testsuite> <!-- Academy.validateNavigationBar -->
